<?xml version="1.0" encoding="UTF-8"?>
<testsuite xmlns:xsi="http://www.w3.org/2001/XMLSchema-instance" xsi:noNamespaceSchemaLocation="https://maven.apache.org/surefire/maven-surefire-plugin/xsd/surefire-test-report-3.0.xsd" version="3.0" name="com.example.demo.Microservice3ApplicationTests" time="19.383" tests="1" errors="0" skipped="0" failures="0">
  <properties>
[...]
</properties>
  <testcase name="contextLoads" classname="com.example.demo.Microservice3ApplicationTests" time="1.256">
    <system-out><![CDATA[23:58:56.913 [main] INFO org.springframework.test.context.support.AnnotationConfigContextLoaderUtils -- Could not detect default configuration classes for test class [com.example.demo.Microservice3ApplicationTests]: Microservice3ApplicationTests does not declare any static, non-private, non-final, nested classes annotated with @Configuration.
23:58:57.288 [main] INFO org.springframework.boot.test.context.SpringBootTestContextBootstrapper -- Found @SpringBootConfiguration com.example.demo.Microservice3Application for test class com.example.demo.Microservice3ApplicationTests

  .   ____          _            __ _ _
 /\\ / ___'_ __ _ _(_)_ __  __ _ \ \ \ \
( ( )\___ | '_ | '_| | '_ \/ _` | \ \ \ \
 \\/  ___)| |_)| | | | | || (_| |  ) ) ) )
  '  |____| .__|_| |_|_| |_\__, | / / / /
 =========|_|==============|___/=/_/_/_/
 :: Spring Boot ::                (v3.1.3)

2023-09-06T23:58:58.636+05:30  INFO 14360 --- [           main] c.e.demo.Microservice3ApplicationTests   : Starting Microservice3ApplicationTests using Java 17.0.6 with PID 14360 (started by sumeetsharma in E:\sumeet\microservice_workspace\microservice3)
2023-09-06T23:58:58.640+05:30  INFO 14360 --- [           main] c.e.demo.Microservice3ApplicationTests   : No active profile set, falling back to 1 default profile: "default"
2023-09-06T23:59:01.067+05:30  INFO 14360 --- [           main] .s.d.r.c.RepositoryConfigurationDelegate : Bootstrapping Spring Data JPA repositories in DEFAULT mode.
2023-09-06T23:59:01.228+05:30  INFO 14360 --- [           main] .s.d.r.c.RepositoryConfigurationDelegate : Finished Spring Data repository scanning in 141 ms. Found 1 JPA repository interfaces.
2023-09-06T23:59:03.193+05:30  INFO 14360 --- [           main] o.hibernate.jpa.internal.util.LogHelper  : HHH000204: Processing PersistenceUnitInfo [name: default]
2023-09-06T23:59:03.346+05:30  INFO 14360 --- [           main] org.hibernate.Version                    : HHH000412: Hibernate ORM core version 6.2.7.Final
2023-09-06T23:59:03.355+05:30  INFO 14360 --- [           main] org.hibernate.cfg.Environment            : HHH000406: Using bytecode reflection optimizer
2023-09-06T23:59:04.226+05:30  INFO 14360 --- [           main] o.h.b.i.BytecodeProviderInitiator        : HHH000021: Bytecode provider name : bytebuddy
2023-09-06T23:59:04.758+05:30  INFO 14360 --- [           main] o.s.o.j.p.SpringPersistenceUnitInfo      : No LoadTimeWeaver setup: ignoring JPA class transformer
2023-09-06T23:59:04.808+05:30  INFO 14360 --- [           main] com.zaxxer.hikari.HikariDataSource       : HikariPool-1 - Starting...
2023-09-06T23:59:06.368+05:30  INFO 14360 --- [           main] com.zaxxer.hikari.pool.HikariPool        : HikariPool-1 - Added connection com.mysql.cj.jdbc.ConnectionImpl@40bf0e15
2023-09-06T23:59:06.373+05:30  INFO 14360 --- [           main] com.zaxxer.hikari.HikariDataSource       : HikariPool-1 - Start completed.
2023-09-06T23:59:07.711+05:30  INFO 14360 --- [           main] o.h.b.i.BytecodeProviderInitiator        : HHH000021: Bytecode provider name : bytebuddy
2023-09-06T23:59:10.364+05:30  INFO 14360 --- [           main] o.h.e.t.j.p.i.JtaPlatformInitiator       : HHH000490: Using JtaPlatform implementation: [org.hibernate.engine.transaction.jta.platform.internal.NoJtaPlatform]
2023-09-06T23:59:10.807+05:30  INFO 14360 --- [           main] j.LocalContainerEntityManagerFactoryBean : Initialized JPA EntityManagerFactory for persistence unit 'default'
2023-09-06T23:59:13.031+05:30  WARN 14360 --- [           main] JpaBaseConfiguration$JpaWebConfiguration : spring.jpa.open-in-view is enabled by default. Therefore, database queries may be performed during view rendering. Explicitly configure spring.jpa.open-in-view to disable this warning
2023-09-06T23:59:14.665+05:30  INFO 14360 --- [           main] c.e.demo.Microservice3ApplicationTests   : Started Microservice3ApplicationTests in 16.946 seconds (process running for 19.306)
]]></system-out>
  </testcase>
</testsuite>